  [1m[35m (376.4ms)[0m  [1m[35mCREATE DATABASE "my_first_rails_app_development" ENCODING = 'unicode'[0m
  ↳ /Users/jackie/.rvm/rubies/ruby-2.6.0/lib/ruby/gems/2.6.0/gems/rake-12.3.2/lib/rake/task.rb:273
  [1m[35m (435.1ms)[0m  [1m[35mCREATE DATABASE "my_first_rails_app_test" ENCODING = 'unicode'[0m
  ↳ /Users/jackie/.rvm/rubies/ruby-2.6.0/lib/ruby/gems/2.6.0/gems/rake-12.3.2/lib/rake/task.rb:273
  [1m[35m (5.9ms)[0m  [1m[35mCREATE TABLE "schema_migrations" ("version" character varying NOT NULL PRIMARY KEY)[0m
  ↳ /Users/jackie/.rvm/rubies/ruby-2.6.0/lib/ruby/gems/2.6.0/gems/rake-12.3.2/lib/rake/task.rb:273
  [1m[35m (8.1ms)[0m  [1m[35mCREATE TABLE "ar_internal_metadata" ("key" character varying NOT NULL PRIMARY KEY, "value" character varying, "created_at" timestamp NOT NULL, "updated_at" timestamp NOT NULL)[0m
  ↳ /Users/jackie/.rvm/rubies/ruby-2.6.0/lib/ruby/gems/2.6.0/gems/rake-12.3.2/lib/rake/task.rb:273
  [1m[35m (0.2ms)[0m  [1m[34mSELECT pg_try_advisory_lock(6119629353043057845)[0m
  ↳ /Users/jackie/.rvm/rubies/ruby-2.6.0/lib/ruby/gems/2.6.0/gems/rake-12.3.2/lib/rake/task.rb:273
  [1m[35m (0.8ms)[0m  [1m[34mSELECT "schema_migrations"."version" FROM "schema_migrations" ORDER BY "schema_migrations"."version" ASC[0m
  ↳ /Users/jackie/.rvm/rubies/ruby-2.6.0/lib/ruby/gems/2.6.0/gems/rake-12.3.2/lib/rake/task.rb:273
Migrating to CreatePets (20190122125751)
  [1m[35m (0.3ms)[0m  [1m[34mSELECT pg_advisory_unlock(6119629353043057845)[0m
  ↳ /Users/jackie/.rvm/rubies/ruby-2.6.0/lib/ruby/gems/2.6.0/gems/rake-12.3.2/lib/rake/task.rb:273
  [1m[35m (0.1ms)[0m  [1m[34mSELECT pg_try_advisory_lock(6119629353043057845)[0m
  ↳ /Users/jackie/.rvm/rubies/ruby-2.6.0/lib/ruby/gems/2.6.0/gems/rake-12.3.2/lib/rake/task.rb:273
  [1m[35m (0.4ms)[0m  [1m[34mSELECT "schema_migrations"."version" FROM "schema_migrations" ORDER BY "schema_migrations"."version" ASC[0m
  ↳ /Users/jackie/.rvm/rubies/ruby-2.6.0/lib/ruby/gems/2.6.0/gems/rake-12.3.2/lib/rake/task.rb:273
Migrating to CreatePets (20190122125751)
  [1m[35m (0.1ms)[0m  [1m[34mSELECT pg_advisory_unlock(6119629353043057845)[0m
  ↳ /Users/jackie/.rvm/rubies/ruby-2.6.0/lib/ruby/gems/2.6.0/gems/rake-12.3.2/lib/rake/task.rb:273
  [1m[35m (0.1ms)[0m  [1m[34mSELECT pg_try_advisory_lock(6119629353043057845)[0m
  ↳ /Users/jackie/.rvm/rubies/ruby-2.6.0/lib/ruby/gems/2.6.0/gems/rake-12.3.2/lib/rake/task.rb:273
  [1m[35m (0.5ms)[0m  [1m[34mSELECT "schema_migrations"."version" FROM "schema_migrations" ORDER BY "schema_migrations"."version" ASC[0m
  ↳ /Users/jackie/.rvm/rubies/ruby-2.6.0/lib/ruby/gems/2.6.0/gems/rake-12.3.2/lib/rake/task.rb:273
Migrating to CreatePets (20190122125751)
  [1m[35m (0.1ms)[0m  [1m[35mBEGIN[0m
  ↳ /Users/jackie/.rvm/rubies/ruby-2.6.0/lib/ruby/gems/2.6.0/gems/rake-12.3.2/lib/rake/task.rb:273
  [1m[35m (4.7ms)[0m  [1m[35mCREATE TABLE "pets" ("id" bigserial primary key, "name" character varying, "species" character varying, "owner" character varying, "created_at" timestamp NOT NULL, "updated_at" timestamp NOT NULL)[0m
  ↳ db/migrate/20190122125751_create_pets.rb:3
  [1m[36mActiveRecord::SchemaMigration Create (0.4ms)[0m  [1m[32mINSERT INTO "schema_migrations" ("version") VALUES ($1) RETURNING "version"[0m  [["version", "20190122125751"]]
  ↳ /Users/jackie/.rvm/rubies/ruby-2.6.0/lib/ruby/gems/2.6.0/gems/rake-12.3.2/lib/rake/task.rb:273
  [1m[35m (0.4ms)[0m  [1m[35mCOMMIT[0m
  ↳ /Users/jackie/.rvm/rubies/ruby-2.6.0/lib/ruby/gems/2.6.0/gems/rake-12.3.2/lib/rake/task.rb:273
  [1m[36mActiveRecord::InternalMetadata Load (0.3ms)[0m  [1m[34mSELECT  "ar_internal_metadata".* FROM "ar_internal_metadata" WHERE "ar_internal_metadata"."key" = $1 LIMIT $2[0m  [["key", "environment"], ["LIMIT", 1]]
  ↳ /Users/jackie/.rvm/rubies/ruby-2.6.0/lib/ruby/gems/2.6.0/gems/rake-12.3.2/lib/rake/task.rb:273
  [1m[35m (0.1ms)[0m  [1m[35mBEGIN[0m
  ↳ /Users/jackie/.rvm/rubies/ruby-2.6.0/lib/ruby/gems/2.6.0/gems/rake-12.3.2/lib/rake/task.rb:273
  [1m[36mActiveRecord::InternalMetadata Create (0.3ms)[0m  [1m[32mINSERT INTO "ar_internal_metadata" ("key", "value", "created_at", "updated_at") VALUES ($1, $2, $3, $4) RETURNING "key"[0m  [["key", "environment"], ["value", "development"], ["created_at", "2019-01-22 13:05:50.142155"], ["updated_at", "2019-01-22 13:05:50.142155"]]
  ↳ /Users/jackie/.rvm/rubies/ruby-2.6.0/lib/ruby/gems/2.6.0/gems/rake-12.3.2/lib/rake/task.rb:273
  [1m[35m (0.3ms)[0m  [1m[35mCOMMIT[0m
  ↳ /Users/jackie/.rvm/rubies/ruby-2.6.0/lib/ruby/gems/2.6.0/gems/rake-12.3.2/lib/rake/task.rb:273
  [1m[35m (0.2ms)[0m  [1m[34mSELECT pg_advisory_unlock(6119629353043057845)[0m
  ↳ /Users/jackie/.rvm/rubies/ruby-2.6.0/lib/ruby/gems/2.6.0/gems/rake-12.3.2/lib/rake/task.rb:273
  [1m[35m (0.2ms)[0m  [1m[34mSELECT "schema_migrations"."version" FROM "schema_migrations" ORDER BY "schema_migrations"."version" ASC[0m
  ↳ /Users/jackie/.rvm/rubies/ruby-2.6.0/lib/ruby/gems/2.6.0/gems/rake-12.3.2/lib/rake/task.rb:273
  [1m[35m (0.1ms)[0m  [1m[35mBEGIN[0m
  [1m[36mPet Create (0.7ms)[0m  [1m[32mINSERT INTO "pets" ("name", "species", "owner", "created_at", "updated_at") VALUES ($1, $2, $3, $4, $5) RETURNING "id"[0m  [["name", "Rosco"], ["species", "Fluffy Dog"], ["owner", "Jackie"], ["created_at", "2019-01-22 13:20:16.282169"], ["updated_at", "2019-01-22 13:20:16.282169"]]
  [1m[35m (0.4ms)[0m  [1m[35mCOMMIT[0m
  [1m[36mPet Load (0.3ms)[0m  [1m[34mSELECT  "pets".* FROM "pets" LIMIT $1[0m  [["LIMIT", 11]]
  [1m[36mPet Load (0.3ms)[0m  [1m[34mSELECT  "pets".* FROM "pets" WHERE "pets"."id" = $1 LIMIT $2[0m  [["id", 1], ["LIMIT", 1]]
  [1m[36mPet Load (0.5ms)[0m  [1m[34mSELECT  "pets".* FROM "pets" WHERE "pets"."id" = $1 LIMIT $2[0m  [["id", 1], ["LIMIT", 1]]
  [1m[35m (0.2ms)[0m  [1m[35mBEGIN[0m
  [1m[36mPet Update (0.3ms)[0m  [1m[33mUPDATE "pets" SET "name" = $1, "updated_at" = $2 WHERE "pets"."id" = $3[0m  [["name", "Rosco the best dog ever"], ["updated_at", "2019-01-22 13:22:46.332482"], ["id", 1]]
  [1m[35m (0.6ms)[0m  [1m[35mCOMMIT[0m
  [1m[36mPet Load (0.4ms)[0m  [1m[34mSELECT  "pets".* FROM "pets" WHERE "pets"."id" = $1 LIMIT $2[0m  [["id", 1], ["LIMIT", 1]]
  [1m[35m (0.2ms)[0m  [1m[35mBEGIN[0m
  [1m[36mPet Update (0.3ms)[0m  [1m[33mUPDATE "pets" SET "name" = $1, "updated_at" = $2 WHERE "pets"."id" = $3[0m  [["name", "Rosco"], ["updated_at", "2019-01-22 13:24:54.568195"], ["id", 1]]
  [1m[35m (0.6ms)[0m  [1m[35mCOMMIT[0m
  [1m[35m (0.2ms)[0m  [1m[35mBEGIN[0m
  [1m[36mPet Create (0.3ms)[0m  [1m[32mINSERT INTO "pets" ("name", "species", "owner", "created_at", "updated_at") VALUES ($1, $2, $3, $4, $5) RETURNING "id"[0m  [["name", "Beast"], ["species", "cat"], ["owner", "Trevor"], ["created_at", "2019-01-22 13:27:43.448105"], ["updated_at", "2019-01-22 13:27:43.448105"]]
  [1m[35m (0.6ms)[0m  [1m[35mCOMMIT[0m
  [1m[36mPet Load (0.4ms)[0m  [1m[34mSELECT  "pets".* FROM "pets" LIMIT $1[0m  [["LIMIT", 11]]
  [1m[36mPet Load (0.3ms)[0m  [1m[34mSELECT  "pets".* FROM "pets" WHERE "pets"."species" = $1 LIMIT $2[0m  [["species", "cat"], ["LIMIT", 11]]
  [1m[36mPet Load (0.4ms)[0m  [1m[34mSELECT  "pets".* FROM "pets" WHERE "pets"."species" = $1 ORDER BY "pets"."id" ASC LIMIT $2[0m  [["species", "cat"], ["LIMIT", 1]]
  [1m[35m (0.1ms)[0m  [1m[35mBEGIN[0m
  [1m[36mPet Destroy (0.2ms)[0m  [1m[31mDELETE FROM "pets" WHERE "pets"."id" = $1[0m  [["id", 2]]
  [1m[35m (0.6ms)[0m  [1m[35mCOMMIT[0m
  [1m[35m (0.2ms)[0m  [1m[35mBEGIN[0m
  [1m[36mPet Create (0.3ms)[0m  [1m[32mINSERT INTO "pets" ("name", "species", "owner", "created_at", "updated_at") VALUES ($1, $2, $3, $4, $5) RETURNING "id"[0m  [["name", "Beast"], ["species", "cat"], ["owner", "Trevor"], ["created_at", "2019-01-22 13:37:01.804654"], ["updated_at", "2019-01-22 13:37:01.804654"]]
  [1m[35m (0.7ms)[0m  [1m[35mCOMMIT[0m
  [1m[36mPet Load (0.3ms)[0m  [1m[34mSELECT  "pets".* FROM "pets" WHERE "pets"."species" != $1 LIMIT $2[0m  [["species", "cat"], ["LIMIT", 11]]
  [1m[36mPet Load (0.3ms)[0m  [1m[34mSELECT  "pets".* FROM "pets" WHERE "pets"."name" = $1 AND "pets"."species" != $2 LIMIT $3[0m  [["name", "Rosco"], ["species", "cat"], ["LIMIT", 11]]
